********************************************************************************
*                             Initializing Cubiquity                           *
********************************************************************************
[18:14:34, Info   ]: Creating voxel database from 'C:/Users/edwin/Documents/GitHub/HackeyUnity/Hackey/Assets/StreamingAssets/Cubiquity/VoxelDatabases/Examples/VoxeliensTerrain.vdb'
[18:14:46, Info   ]: Creating voxel database from 'C:/Users/edwin/Documents/GitHub/HackeyUnity/Hackey/Assets/StreamingAssets/Cubiquity/VoxelDatabases/Examples/VoxeliensColoredCubes.vdb'
[18:14:57, Info   ]: Creating voxel database from 'C:/Users/edwin/Documents/GitHub/HackeyUnity/Hackey/Assets/StreamingAssets/Cubiquity/VoxelDatabases/Examples/Planet.vdb'
[18:14:57, Info   ]: Creating voxel database from 'C:/Users/edwin/Documents/GitHub/HackeyUnity/Hackey/Assets/StreamingAssets/Cubiquity/VoxelDatabases/Examples/Planet.vdb'
[18:15:08, Info   ]: Creating voxel database from 'C:/Users/edwin/Documents/GitHub/HackeyUnity/Hackey/Assets/StreamingAssets/Cubiquity/VoxelDatabases/Examples/Planet.vdb'
[18:15:08, Info   ]: Creating voxel database from 'C:/Users/edwin/Documents/GitHub/HackeyUnity/Hackey/Assets/StreamingAssets/Cubiquity/VoxelDatabases/Examples/Planet.vdb'
[18:15:11, Info   ]: Creating voxel database from 'C:/Users/edwin/Documents/GitHub/HackeyUnity/Hackey/Assets/StreamingAssets/Cubiquity/VoxelDatabases/Examples/Planet.vdb'
[18:15:11, Info   ]: Creating voxel database from 'C:/Users/edwin/Documents/GitHub/HackeyUnity/Hackey/Assets/StreamingAssets/Cubiquity/VoxelDatabases/Examples/Planet.vdb'
[18:15:17, Info   ]: Creating voxel database from 'C:/Users/edwin/Documents/GitHub/HackeyUnity/Hackey/Assets/StreamingAssets/Cubiquity/VoxelDatabases/Examples/Tests/SmallSphere.vdb'
[18:15:20, Info   ]: Creating voxel database from 'C:/Users/edwin/Documents/GitHub/HackeyUnity/Hackey/Assets/StreamingAssets/Cubiquity/VoxelDatabases/Examples/Tests/SmallSphere.vdb'
[18:15:21, Info   ]: Creating voxel database from 'C:/Users/edwin/Documents/GitHub/HackeyUnity/Hackey/Assets/StreamingAssets/Cubiquity/VoxelDatabases/Examples/Tests/SmallSphere.vdb'
[18:15:38, Info   ]: Creating empty voxel database as 'C:/Users/edwin/Documents/GitHub/HackeyUnity/Hackey/Assets/StreamingAssets/Cubiquity/VoxelDatabases/2d-simplex-noise-1434720969.vdb'
[18:15:43, Info   ]: Resizing compressed data buffer to 288486bytes. This should only happen once
[18:15:48, Info   ]: Creating empty voxel database as 'C:/Users/edwin/AppData/Local/Temp/DefaultCompany/Hackey/246A85A2.vdb'
[18:15:53, Info   ]: Resizing compressed data buffer to 144307bytes. This should only happen once
[18:35:42, Info   ]: Creating empty voxel database as 'C:/Users/edwin/AppData/Local/Temp/DefaultCompany/Hackey/5AD5E90A.vdb'
[18:35:49, Info   ]: Resizing compressed data buffer to 144307bytes. This should only happen once
[18:35:50, Info   ]: Creating empty voxel database as 'C:/Users/edwin/AppData/Local/Temp/DefaultCompany/Hackey/23694D64.vdb'
[18:35:56, Info   ]: Resizing compressed data buffer to 144307bytes. This should only happen once
[18:35:56, Info   ]: Creating empty voxel database as 'C:/Users/edwin/AppData/Local/Temp/DefaultCompany/Hackey/2DA3535C.vdb'
[18:36:03, Info   ]: Resizing compressed data buffer to 144307bytes. This should only happen once
[18:36:04, Info   ]: Creating empty voxel database as 'C:/Users/edwin/AppData/Local/Temp/DefaultCompany/Hackey/3CDF90E1.vdb'
[18:36:10, Info   ]: Resizing compressed data buffer to 288486bytes. This should only happen once
[18:36:57, Info   ]: Creating voxel database from 'C:/Users/edwin/Documents/GitHub/HackeyUnity/Hackey/Assets/StreamingAssets/Cubiquity/VoxelDatabases/Examples/VoxeliensTerrain.vdb'
[18:36:58, Info   ]: Creating voxel database from 'C:/Users/edwin/Documents/GitHub/HackeyUnity/Hackey/Assets/StreamingAssets/Cubiquity/VoxelDatabases/Examples/VoxeliensColoredCubes.vdb'
[18:37:12, Info   ]: Creating voxel database from 'C:/Users/edwin/Documents/GitHub/HackeyUnity/Hackey/Assets/StreamingAssets/Cubiquity/VoxelDatabases/Examples/ImportedCity.vdb'
[18:37:45, Info   ]: Creating voxel database from 'C:/Users/edwin/Documents/GitHub/HackeyUnity/Hackey/Assets/StreamingAssets/Cubiquity/VoxelDatabases/Examples/ImportedCity.vdb'
[18:37:48, Info   ]: Creating voxel database from 'C:/Users/edwin/Documents/GitHub/HackeyUnity/Hackey/Assets/StreamingAssets/Cubiquity/VoxelDatabases/Examples/ImportedCity.vdb'
[18:39:12, Info   ]: Creating empty voxel database as 'C:/Users/edwin/Documents/GitHub/HackeyUnity/Hackey/Assets/StreamingAssets/Cubiquity/VoxelDatabases/1296640A.vdb'
[18:41:24, Info   ]: Creating empty voxel database as 'C:/Users/edwin/Documents/GitHub/HackeyUnity/Hackey/Assets/StreamingAssets/Cubiquity/VoxelDatabases/03A501AC.vdb'
[18:41:32, Info   ]: Creating empty voxel database as 'C:/Users/edwin/Documents/GitHub/HackeyUnity/Hackey/Assets/StreamingAssets/Cubiquity/VoxelDatabases/73FCF027.vdb'
[18:42:02, Info   ]: Resizing compressed data buffer to 288486bytes. This should only happen once
[18:43:35, Info   ]: Resizing compressed data buffer to 144307bytes. This should only happen once
[18:43:38, Info   ]: Creating empty voxel database as 'C:/Users/edwin/Documents/GitHub/HackeyUnity/Hackey/Assets/StreamingAssets/Cubiquity/VoxelDatabases/0C4EB40E.vdb'
[18:43:53, Info   ]: Resizing compressed data buffer to 144307bytes. This should only happen once
[18:43:53, Info   ]: Resizing compressed data buffer to 288486bytes. This should only happen once
[18:43:54, Info   ]: Creating voxel database from 'C:/Users/edwin/Documents/GitHub/HackeyUnity/Hackey/Assets/StreamingAssets/Cubiquity/VoxelDatabases/0C4EB40E.vdb'
[18:43:59, Info   ]: Creating voxel database from 'C:/Users/edwin/Documents/GitHub/HackeyUnity/Hackey/Assets/StreamingAssets/Cubiquity/VoxelDatabases/0C4EB40E.vdb'
[18:44:10, Info   ]: Creating voxel database from 'C:/Users/edwin/Documents/GitHub/HackeyUnity/Hackey/Assets/StreamingAssets/Cubiquity/VoxelDatabases/0C4EB40E.vdb'
[18:44:16, Info   ]: Creating voxel database from 'C:/Users/edwin/Documents/GitHub/HackeyUnity/Hackey/Assets/StreamingAssets/Cubiquity/VoxelDatabases/0C4EB40E.vdb'
[18:44:37, Info   ]: Creating voxel database from 'C:/Users/edwin/Documents/GitHub/HackeyUnity/Hackey/Assets/StreamingAssets/Cubiquity/VoxelDatabases/0C4EB40E.vdb'
[18:45:05, Info   ]: Creating voxel database from 'C:/Users/edwin/Documents/GitHub/HackeyUnity/Hackey/Assets/StreamingAssets/Cubiquity/VoxelDatabases/0C4EB40E.vdb'
[18:47:15, Info   ]: Creating voxel database from 'C:/Users/edwin/Documents/GitHub/HackeyUnity/Hackey/Assets/StreamingAssets/Cubiquity/VoxelDatabases/0C4EB40E.vdb'
[18:47:32, Info   ]: Creating voxel database from 'C:/Users/edwin/Documents/GitHub/HackeyUnity/Hackey/Assets/StreamingAssets/Cubiquity/VoxelDatabases/0C4EB40E.vdb'
[18:48:15, Info   ]: Resizing compressed data buffer to 144307bytes. This should only happen once
[18:48:16, Info   ]: Creating voxel database from 'C:/Users/edwin/Documents/GitHub/HackeyUnity/Hackey/Assets/StreamingAssets/Cubiquity/VoxelDatabases/0C4EB40E.vdb'
[18:48:32, Info   ]: Creating voxel database from 'C:/Users/edwin/Documents/GitHub/HackeyUnity/Hackey/Assets/StreamingAssets/Cubiquity/VoxelDatabases/0C4EB40E.vdb'
[18:49:12, Info   ]: Creating voxel database from 'C:/Users/edwin/Documents/GitHub/HackeyUnity/Hackey/Assets/StreamingAssets/Cubiquity/VoxelDatabases/Examples/ImportedFromHeightmap.vdb'
[18:49:22, Info   ]: Creating voxel database from 'C:/Users/edwin/Documents/GitHub/HackeyUnity/Hackey/Assets/StreamingAssets/Cubiquity/VoxelDatabases/Examples/ImportedCity.vdb'
[18:50:36, Info   ]: Creating voxel database from 'C:/Users/edwin/Documents/GitHub/HackeyUnity/Hackey/Assets/StreamingAssets/Cubiquity/VoxelDatabases/0C4EB40E.vdb'
[18:50:54, Info   ]: Creating empty voxel database as 'C:/Users/edwin/Documents/GitHub/HackeyUnity/Hackey/Assets/StreamingAssets/Cubiquity/VoxelDatabases/52025F07.vdb'
[18:51:24, Info   ]: Resizing compressed data buffer to 144307bytes. This should only happen once
[18:51:30, Info   ]: Creating voxel database from 'C:/Users/edwin/Documents/GitHub/HackeyUnity/Hackey/Assets/StreamingAssets/Cubiquity/VoxelDatabases/52025F07.vdb'
[18:54:24, Info   ]: Resizing compressed data buffer to 144307bytes. This should only happen once
[18:54:24, Info   ]: Creating voxel database from 'C:/Users/edwin/Documents/GitHub/HackeyUnity/Hackey/Assets/StreamingAssets/Cubiquity/VoxelDatabases/Examples/ImportedCity.vdb'
[18:55:33, Info   ]: Resizing compressed data buffer to 144307bytes. This should only happen once
